app/build/intermediates/manifest_merge_blame_file/release/processReleaseMainManifest/manifest-merger-blame-release-report.txt
1<?xml version="1.0" encoding="utf-8"?>
2<manifest xmlns:android="http://schemas.android.com/apk/res/android"
3    package="com.pocketsave"
4    android:versionCode="9"
5    android:versionName="0.1.2" >
6
7    <uses-sdk
8        android:minSdkVersion="26"
9        android:targetSdkVersion="35" />
10
11    <!--
12         Scanner phase: CameraX preview needs the camera permission.
13         `android:required="false"` lets devices without a rear camera still install
14         the app (they'll fall back to the "Pick from gallery" path).
15    -->
16    <uses-permission android:name="android.permission.CAMERA" />
16-->src\main\AndroidManifest.xml:7:5-65
16-->src\main\AndroidManifest.xml:7:22-62
17
18    <uses-feature
18-->src\main\AndroidManifest.xml:8:5-10:36
19        android:name="android.hardware.camera"
19-->src\main\AndroidManifest.xml:9:9-47
20        android:required="false" />
20-->src\main\AndroidManifest.xml:10:9-33
21
22    <!--
23         RevenueCat needs network access for offerings + customer-info fetches and
24         to complete Play Billing purchase events. Play Billing itself is added
25         transitively by the Purchases SDK via com.android.vending.BILLING.
26    -->
27    <uses-permission android:name="android.permission.INTERNET" />
27-->src\main\AndroidManifest.xml:15:5-67
27-->src\main\AndroidManifest.xml:15:22-64
28    <uses-permission android:name="com.android.vending.BILLING" />
28-->[com.android.billingclient:billing:7.1.1] AndroidManifest.xml:10:5-67
28-->[com.android.billingclient:billing:7.1.1] AndroidManifest.xml:10:22-64
29
30    <queries>
30-->[com.android.billingclient:billing:7.1.1] AndroidManifest.xml:12:5-19:15
31        <intent>
31-->[com.android.billingclient:billing:7.1.1] AndroidManifest.xml:13:9-15:18
32            <action android:name="com.android.vending.billing.InAppBillingService.BIND" />
32-->[com.android.billingclient:billing:7.1.1] AndroidManifest.xml:14:13-91
32-->[com.android.billingclient:billing:7.1.1] AndroidManifest.xml:14:21-88
33        </intent>
34        <intent>
34-->[com.android.billingclient:billing:7.1.1] AndroidManifest.xml:16:9-18:18
35            <action android:name="com.google.android.apps.play.billingtestcompanion.BillingOverrideService.BIND" />
35-->[com.android.billingclient:billing:7.1.1] AndroidManifest.xml:17:13-116
35-->[com.android.billingclient:billing:7.1.1] AndroidManifest.xml:17:21-113
36        </intent>
37    </queries>
38
39    <uses-permission android:name="android.permission.WAKE_LOCK" />
39-->[androidx.work:work-runtime:2.7.1] AndroidManifest.xml:25:5-68
39-->[androidx.work:work-runtime:2.7.1] AndroidManifest.xml:25:22-65
40    <uses-permission android:name="android.permission.ACCESS_NETWORK_STATE" />
40-->[androidx.work:work-runtime:2.7.1] AndroidManifest.xml:26:5-79
40-->[androidx.work:work-runtime:2.7.1] AndroidManifest.xml:26:22-76
41    <uses-permission android:name="android.permission.RECEIVE_BOOT_COMPLETED" />
41-->[androidx.work:work-runtime:2.7.1] AndroidManifest.xml:27:5-81
41-->[androidx.work:work-runtime:2.7.1] AndroidManifest.xml:27:22-78
42    <uses-permission android:name="android.permission.FOREGROUND_SERVICE" />
42-->[androidx.work:work-runtime:2.7.1] AndroidManifest.xml:28:5-77
42-->[androidx.work:work-runtime:2.7.1] AndroidManifest.xml:28:22-74
43
44    <permission
44-->[androidx.core:core:1.13.1] AndroidManifest.xml:22:5-24:47
45        android:name="com.pocketsave.DYNAMIC_RECEIVER_NOT_EXPORTED_PERMISSION"
45-->[androidx.core:core:1.13.1] AndroidManifest.xml:23:9-81
46        android:protectionLevel="signature" />
46-->[androidx.core:core:1.13.1] AndroidManifest.xml:24:9-44
47
48    <uses-permission android:name="com.pocketsave.DYNAMIC_RECEIVER_NOT_EXPORTED_PERMISSION" />
48-->[androidx.core:core:1.13.1] AndroidManifest.xml:26:5-97
48-->[androidx.core:core:1.13.1] AndroidManifest.xml:26:22-94
49
50    <application
50-->src\main\AndroidManifest.xml:17:5-69:19
51        android:name="com.pocketsave.PocketSaveApplication"
51-->src\main\AndroidManifest.xml:18:9-46
52        android:allowBackup="true"
52-->src\main\AndroidManifest.xml:19:9-35
53        android:appComponentFactory="androidx.core.app.CoreComponentFactory"
53-->[androidx.core:core:1.13.1] AndroidManifest.xml:28:18-86
54        android:dataExtractionRules="@xml/data_extraction_rules"
54-->src\main\AndroidManifest.xml:20:9-65
55        android:extractNativeLibs="false"
56        android:fullBackupContent="@xml/backup_rules"
56-->src\main\AndroidManifest.xml:21:9-54
57        android:icon="@mipmap/ic_launcher"
57-->src\main\AndroidManifest.xml:22:9-43
58        android:label="@string/app_name"
58-->src\main\AndroidManifest.xml:23:9-41
59        android:supportsRtl="true"
59-->src\main\AndroidManifest.xml:24:9-35
60        android:theme="@style/Theme.PocketSave" >
60-->src\main\AndroidManifest.xml:25:9-48
61        <activity
61-->src\main\AndroidManifest.xml:27:9-46:20
62            android:name="com.pocketsave.MainActivity"
62-->src\main\AndroidManifest.xml:28:13-41
63            android:exported="true"
63-->src\main\AndroidManifest.xml:29:13-36
64            android:launchMode="singleTask"
64-->src\main\AndroidManifest.xml:30:13-44
65            android:theme="@style/Theme.PocketSave" >
65-->src\main\AndroidManifest.xml:31:13-52
66            <intent-filter>
66-->src\main\AndroidManifest.xml:32:13-35:29
67                <action android:name="android.intent.action.MAIN" />
67-->src\main\AndroidManifest.xml:33:17-69
67-->src\main\AndroidManifest.xml:33:25-66
68
69                <category android:name="android.intent.category.LAUNCHER" />
69-->src\main\AndroidManifest.xml:34:17-77
69-->src\main\AndroidManifest.xml:34:27-74
70            </intent-filter>
71            <!--
72                 Port of iOS `pocketsave://…` deep links from
73                 `PocketSave/App/GrockApp.swift::handleDeepLink`. The app owns a
74                 single task so VIEW intents resume the existing activity and
75                 re-drive the nav graph via `onNewIntent`.
76            -->
77            <intent-filter android:autoVerify="false" >
77-->src\main\AndroidManifest.xml:40:13-45:29
77-->src\main\AndroidManifest.xml:40:28-54
78                <action android:name="android.intent.action.VIEW" />
78-->src\main\AndroidManifest.xml:41:17-69
78-->src\main\AndroidManifest.xml:41:25-66
79
80                <category android:name="android.intent.category.DEFAULT" />
80-->src\main\AndroidManifest.xml:42:17-76
80-->src\main\AndroidManifest.xml:42:27-73
81                <category android:name="android.intent.category.BROWSABLE" />
81-->src\main\AndroidManifest.xml:43:17-78
81-->src\main\AndroidManifest.xml:43:27-75
82
83                <data android:scheme="pocketsave" />
83-->src\main\AndroidManifest.xml:44:17-53
83-->src\main\AndroidManifest.xml:44:23-50
84            </intent-filter>
85        </activity>
86
87        <provider
88            android:name="androidx.core.content.FileProvider"
88-->src\main\AndroidManifest.xml:49:13-62
89            android:authorities="com.pocketsave.fileprovider"
89-->src\main\AndroidManifest.xml:50:13-64
90            android:exported="false"
90-->src\main\AndroidManifest.xml:51:13-37
91            android:grantUriPermissions="true" >
91-->src\main\AndroidManifest.xml:52:13-47
92            <meta-data
92-->src\main\AndroidManifest.xml:53:13-55:54
93                android:name="android.support.FILE_PROVIDER_PATHS"
93-->src\main\AndroidManifest.xml:54:17-67
94                android:resource="@xml/file_paths" />
94-->src\main\AndroidManifest.xml:55:17-51
95        </provider>
96
97        <receiver
97-->src\main\AndroidManifest.xml:58:9-68:20
98            android:name="com.pocketsave.core.widget.PurchasedItemsWidgetReceiver"
98-->src\main\AndroidManifest.xml:59:13-69
99            android:exported="true"
99-->src\main\AndroidManifest.xml:60:13-36
100            android:label="@string/purchased_items_widget_label" >
100-->src\main\AndroidManifest.xml:61:13-65
101            <intent-filter>
101-->src\main\AndroidManifest.xml:62:13-64:29
102                <action android:name="android.appwidget.action.APPWIDGET_UPDATE" />
102-->src\main\AndroidManifest.xml:63:17-84
102-->src\main\AndroidManifest.xml:63:25-81
103            </intent-filter>
104
105            <meta-data
105-->src\main\AndroidManifest.xml:65:13-67:71
106                android:name="android.appwidget.provider"
106-->src\main\AndroidManifest.xml:66:17-58
107                android:resource="@xml/purchased_items_widget_info" />
107-->src\main\AndroidManifest.xml:67:17-68
108        </receiver>
109
110        <activity
110-->[com.revenuecat.purchases:purchases:8.10.8] AndroidManifest.xml:10:9-13:75
111            android:name="com.revenuecat.purchases.amazon.purchasing.ProxyAmazonBillingActivity"
111-->[com.revenuecat.purchases:purchases:8.10.8] AndroidManifest.xml:11:13-97
112            android:configChanges="keyboard|keyboardHidden|screenLayout|screenSize|orientation"
112-->[com.revenuecat.purchases:purchases:8.10.8] AndroidManifest.xml:12:13-96
113            android:theme="@android:style/Theme.Translucent.NoTitleBar" />
113-->[com.revenuecat.purchases:purchases:8.10.8] AndroidManifest.xml:13:13-72
114
115        <meta-data
115-->[com.android.billingclient:billing:7.1.1] AndroidManifest.xml:22:9-24:37
116            android:name="com.google.android.play.billingclient.version"
116-->[com.android.billingclient:billing:7.1.1] AndroidManifest.xml:23:13-73
117            android:value="7.1.1" />
117-->[com.android.billingclient:billing:7.1.1] AndroidManifest.xml:24:13-34
118
119        <activity
119-->[com.android.billingclient:billing:7.1.1] AndroidManifest.xml:26:9-30:75
120            android:name="com.android.billingclient.api.ProxyBillingActivity"
120-->[com.android.billingclient:billing:7.1.1] AndroidManifest.xml:27:13-78
121            android:configChanges="keyboard|keyboardHidden|screenLayout|screenSize|orientation"
121-->[com.android.billingclient:billing:7.1.1] AndroidManifest.xml:28:13-96
122            android:exported="false"
122-->[com.android.billingclient:billing:7.1.1] AndroidManifest.xml:29:13-37
123            android:theme="@android:style/Theme.Translucent.NoTitleBar" />
123-->[com.android.billingclient:billing:7.1.1] AndroidManifest.xml:30:13-72
124        <activity
124-->[com.android.billingclient:billing:7.1.1] AndroidManifest.xml:31:9-35:75
125            android:name="com.android.billingclient.api.ProxyBillingActivityV2"
125-->[com.android.billingclient:billing:7.1.1] AndroidManifest.xml:32:13-80
126            android:configChanges="keyboard|keyboardHidden|screenLayout|screenSize|orientation"
126-->[com.android.billingclient:billing:7.1.1] AndroidManifest.xml:33:13-96
127            android:exported="false"
127-->[com.android.billingclient:billing:7.1.1] AndroidManifest.xml:34:13-37
128            android:theme="@android:style/Theme.Translucent.NoTitleBar" />
128-->[com.android.billingclient:billing:7.1.1] AndroidManifest.xml:35:13-72
129
130        <service
130-->[androidx.camera:camera-camera2:1.3.4] AndroidManifest.xml:24:9-33:19
131            android:name="androidx.camera.core.impl.MetadataHolderService"
131-->[androidx.camera:camera-camera2:1.3.4] AndroidManifest.xml:25:13-75
132            android:enabled="false"
132-->[androidx.camera:camera-camera2:1.3.4] AndroidManifest.xml:26:13-36
133            android:exported="false" >
133-->[androidx.camera:camera-camera2:1.3.4] AndroidManifest.xml:27:13-37
134            <meta-data
134-->[androidx.camera:camera-camera2:1.3.4] AndroidManifest.xml:30:13-32:89
135                android:name="androidx.camera.core.impl.MetadataHolderService.DEFAULT_CONFIG_PROVIDER"
135-->[androidx.camera:camera-camera2:1.3.4] AndroidManifest.xml:31:17-103
136                android:value="androidx.camera.camera2.Camera2Config$DefaultProvider" />
136-->[androidx.camera:camera-camera2:1.3.4] AndroidManifest.xml:32:17-86
137        </service>
138        <service
138-->[com.google.android.gms:play-services-mlkit-text-recognition-common:19.0.0] AndroidManifest.xml:9:9-15:19
139            android:name="com.google.mlkit.common.internal.MlKitComponentDiscoveryService"
139-->[com.google.android.gms:play-services-mlkit-text-recognition-common:19.0.0] AndroidManifest.xml:10:13-91
140            android:directBootAware="true"
140-->[com.google.mlkit:common:18.8.0] AndroidManifest.xml:17:13-43
141            android:exported="false" >
141-->[com.google.android.gms:play-services-mlkit-text-recognition-common:19.0.0] AndroidManifest.xml:11:13-37
142            <meta-data
142-->[com.google.android.gms:play-services-mlkit-text-recognition-common:19.0.0] AndroidManifest.xml:12:13-14:85
143                android:name="com.google.firebase.components:com.google.mlkit.vision.text.internal.TextRegistrar"
143-->[com.google.android.gms:play-services-mlkit-text-recognition-common:19.0.0] AndroidManifest.xml:13:17-114
144                android:value="com.google.firebase.components.ComponentRegistrar" />
144-->[com.google.android.gms:play-services-mlkit-text-recognition-common:19.0.0] AndroidManifest.xml:14:17-82
145            <meta-data
145-->[com.google.mlkit:vision-common:17.3.0] AndroidManifest.xml:12:13-14:85
146                android:name="com.google.firebase.components:com.google.mlkit.vision.common.internal.VisionCommonRegistrar"
146-->[com.google.mlkit:vision-common:17.3.0] AndroidManifest.xml:13:17-124
147                android:value="com.google.firebase.components.ComponentRegistrar" />
147-->[com.google.mlkit:vision-common:17.3.0] AndroidManifest.xml:14:17-82
148            <meta-data
148-->[com.google.mlkit:common:18.8.0] AndroidManifest.xml:20:13-22:85
149                android:name="com.google.firebase.components:com.google.mlkit.common.internal.CommonComponentRegistrar"
149-->[com.google.mlkit:common:18.8.0] AndroidManifest.xml:21:17-120
150                android:value="com.google.firebase.components.ComponentRegistrar" />
150-->[com.google.mlkit:common:18.8.0] AndroidManifest.xml:22:17-82
151        </service>
152
153        <provider
153-->[com.google.mlkit:common:18.8.0] AndroidManifest.xml:9:9-13:38
154            android:name="com.google.mlkit.common.internal.MlKitInitProvider"
154-->[com.google.mlkit:common:18.8.0] AndroidManifest.xml:10:13-78
155            android:authorities="com.pocketsave.mlkitinitprovider"
155-->[com.google.mlkit:common:18.8.0] AndroidManifest.xml:11:13-69
156            android:exported="false"
156-->[com.google.mlkit:common:18.8.0] AndroidManifest.xml:12:13-37
157            android:initOrder="99" />
157-->[com.google.mlkit:common:18.8.0] AndroidManifest.xml:13:13-35
158
159        <activity
159-->[com.google.android.gms:play-services-base:18.5.0] AndroidManifest.xml:5:9-173
160            android:name="com.google.android.gms.common.api.GoogleApiActivity"
160-->[com.google.android.gms:play-services-base:18.5.0] AndroidManifest.xml:5:19-85
161            android:exported="false"
161-->[com.google.android.gms:play-services-base:18.5.0] AndroidManifest.xml:5:146-170
162            android:theme="@android:style/Theme.Translucent.NoTitleBar" />
162-->[com.google.android.gms:play-services-base:18.5.0] AndroidManifest.xml:5:86-145
163
164        <meta-data
164-->[com.google.android.gms:play-services-basement:18.4.0] AndroidManifest.xml:6:9-122
165            android:name="com.google.android.gms.version"
165-->[com.google.android.gms:play-services-basement:18.4.0] AndroidManifest.xml:6:20-65
166            android:value="@integer/google_play_services_version" />
166-->[com.google.android.gms:play-services-basement:18.4.0] AndroidManifest.xml:6:66-119
167
168        <activity
168-->[androidx.glance:glance-appwidget:1.0.0] AndroidManifest.xml:23:9-27:40
169            android:name="androidx.glance.appwidget.action.ActionTrampolineActivity"
169-->[androidx.glance:glance-appwidget:1.0.0] AndroidManifest.xml:24:13-85
170            android:enabled="true"
170-->[androidx.glance:glance-appwidget:1.0.0] AndroidManifest.xml:25:13-35
171            android:excludeFromRecents="true"
171-->[androidx.glance:glance-appwidget:1.0.0] AndroidManifest.xml:26:13-46
172            android:exported="false" />
172-->[androidx.glance:glance-appwidget:1.0.0] AndroidManifest.xml:27:13-37
173        <activity
173-->[androidx.glance:glance-appwidget:1.0.0] AndroidManifest.xml:28:9-35:81
174            android:name="androidx.glance.appwidget.action.InvisibleActionTrampolineActivity"
174-->[androidx.glance:glance-appwidget:1.0.0] AndroidManifest.xml:29:13-94
175            android:enabled="true"
175-->[androidx.glance:glance-appwidget:1.0.0] AndroidManifest.xml:30:13-35
176            android:exported="false"
176-->[androidx.glance:glance-appwidget:1.0.0] AndroidManifest.xml:31:13-37
177            android:launchMode="singleInstance"
177-->[androidx.glance:glance-appwidget:1.0.0] AndroidManifest.xml:32:13-48
178            android:noHistory="true"
178-->[androidx.glance:glance-appwidget:1.0.0] AndroidManifest.xml:33:13-37
179            android:taskAffinity="androidx.glance.appwidget.ListAdapterCallbackTrampoline"
179-->[androidx.glance:glance-appwidget:1.0.0] AndroidManifest.xml:34:13-91
180            android:theme="@style/Widget.Glance.AppWidget.CallbackTrampoline" />
180-->[androidx.glance:glance-appwidget:1.0.0] AndroidManifest.xml:35:13-78
181
182        <receiver
182-->[androidx.glance:glance-appwidget:1.0.0] AndroidManifest.xml:37:9-40:40
183            android:name="androidx.glance.appwidget.action.ActionCallbackBroadcastReceiver"
183-->[androidx.glance:glance-appwidget:1.0.0] AndroidManifest.xml:38:13-92
184            android:enabled="true"
184-->[androidx.glance:glance-appwidget:1.0.0] AndroidManifest.xml:39:13-35
185            android:exported="false" />
185-->[androidx.glance:glance-appwidget:1.0.0] AndroidManifest.xml:40:13-37
186        <receiver
186-->[androidx.glance:glance-appwidget:1.0.0] AndroidManifest.xml:41:9-48:20
187            android:name="androidx.glance.appwidget.MyPackageReplacedReceiver"
187-->[androidx.glance:glance-appwidget:1.0.0] AndroidManifest.xml:42:13-79
188            android:enabled="true"
188-->[androidx.glance:glance-appwidget:1.0.0] AndroidManifest.xml:43:13-35
189            android:exported="false" >
189-->[androidx.glance:glance-appwidget:1.0.0] AndroidManifest.xml:44:13-37
190            <intent-filter>
190-->[androidx.glance:glance-appwidget:1.0.0] AndroidManifest.xml:45:13-47:29
191                <action android:name="android.intent.action.MY_PACKAGE_REPLACED" />
191-->[androidx.glance:glance-appwidget:1.0.0] AndroidManifest.xml:46:17-84
191-->[androidx.glance:glance-appwidget:1.0.0] AndroidManifest.xml:46:25-81
192            </intent-filter>
193        </receiver>
194
195        <service
195-->[androidx.glance:glance-appwidget:1.0.0] AndroidManifest.xml:50:9-53:72
196            android:name="androidx.glance.appwidget.GlanceRemoteViewsService"
196-->[androidx.glance:glance-appwidget:1.0.0] AndroidManifest.xml:51:13-78
197            android:exported="true"
197-->[androidx.glance:glance-appwidget:1.0.0] AndroidManifest.xml:52:13-36
198            android:permission="android.permission.BIND_REMOTEVIEWS" />
198-->[androidx.glance:glance-appwidget:1.0.0] AndroidManifest.xml:53:13-69
199        <service
199-->[androidx.core:core-remoteviews:1.0.0] AndroidManifest.xml:24:9-27:63
200            android:name="androidx.core.widget.RemoteViewsCompatService"
200-->[androidx.core:core-remoteviews:1.0.0] AndroidManifest.xml:25:13-73
201            android:permission="android.permission.BIND_REMOTEVIEWS" />
201-->[androidx.core:core-remoteviews:1.0.0] AndroidManifest.xml:26:13-69
202
203        <provider
203-->[androidx.work:work-runtime:2.7.1] AndroidManifest.xml:31:9-39:20
204            android:name="androidx.startup.InitializationProvider"
204-->[androidx.work:work-runtime:2.7.1] AndroidManifest.xml:32:13-67
205            android:authorities="com.pocketsave.androidx-startup"
205-->[androidx.work:work-runtime:2.7.1] AndroidManifest.xml:33:13-68
206            android:exported="false" >
206-->[androidx.work:work-runtime:2.7.1] AndroidManifest.xml:34:13-37
207            <meta-data
207-->[androidx.work:work-runtime:2.7.1] AndroidManifest.xml:36:13-38:52
208                android:name="androidx.work.WorkManagerInitializer"
208-->[androidx.work:work-runtime:2.7.1] AndroidManifest.xml:37:17-68
209                android:value="androidx.startup" />
209-->[androidx.work:work-runtime:2.7.1] AndroidManifest.xml:38:17-49
210            <meta-data
210-->[androidx.emoji2:emoji2:1.3.0] AndroidManifest.xml:29:13-31:52
211                android:name="androidx.emoji2.text.EmojiCompatInitializer"
211-->[androidx.emoji2:emoji2:1.3.0] AndroidManifest.xml:30:17-75
212                android:value="androidx.startup" />
212-->[androidx.emoji2:emoji2:1.3.0] AndroidManifest.xml:31:17-49
213            <meta-data
213-->[androidx.lifecycle:lifecycle-process:2.8.2] AndroidManifest.xml:29:13-31:52
214                android:name="androidx.lifecycle.ProcessLifecycleInitializer"
214-->[androidx.lifecycle:lifecycle-process:2.8.2] AndroidManifest.xml:30:17-78
215                android:value="androidx.startup" />
215-->[androidx.lifecycle:lifecycle-process:2.8.2] AndroidManifest.xml:31:17-49
216            <meta-data
216-->[androidx.profileinstaller:profileinstaller:1.3.1] AndroidManifest.xml:29:13-31:52
217                android:name="androidx.profileinstaller.ProfileInstallerInitializer"
217-->[androidx.profileinstaller:profileinstaller:1.3.1] AndroidManifest.xml:30:17-85
218                android:value="androidx.startup" />
218-->[androidx.profileinstaller:profileinstaller:1.3.1] AndroidManifest.xml:31:17-49
219        </provider>
220
221        <service
221-->[androidx.work:work-runtime:2.7.1] AndroidManifest.xml:41:9-46:35
222            android:name="androidx.work.impl.background.systemalarm.SystemAlarmService"
222-->[androidx.work:work-runtime:2.7.1] AndroidManifest.xml:42:13-88
223            android:directBootAware="false"
223-->[androidx.work:work-runtime:2.7.1] AndroidManifest.xml:43:13-44
224            android:enabled="@bool/enable_system_alarm_service_default"
224-->[androidx.work:work-runtime:2.7.1] AndroidManifest.xml:44:13-72
225            android:exported="false" />
225-->[androidx.work:work-runtime:2.7.1] AndroidManifest.xml:45:13-37
226        <service
226-->[androidx.work:work-runtime:2.7.1] AndroidManifest.xml:47:9-53:35
227            android:name="androidx.work.impl.background.systemjob.SystemJobService"
227-->[androidx.work:work-runtime:2.7.1] AndroidManifest.xml:48:13-84
228            android:directBootAware="false"
228-->[androidx.work:work-runtime:2.7.1] AndroidManifest.xml:49:13-44
229            android:enabled="@bool/enable_system_job_service_default"
229-->[androidx.work:work-runtime:2.7.1] AndroidManifest.xml:50:13-70
230            android:exported="true"
230-->[androidx.work:work-runtime:2.7.1] AndroidManifest.xml:51:13-36
231            android:permission="android.permission.BIND_JOB_SERVICE" />
231-->[androidx.work:work-runtime:2.7.1] AndroidManifest.xml:52:13-69
232        <service
232-->[androidx.work:work-runtime:2.7.1] AndroidManifest.xml:54:9-59:35
233            android:name="androidx.work.impl.foreground.SystemForegroundService"
233-->[androidx.work:work-runtime:2.7.1] AndroidManifest.xml:55:13-81
234            android:directBootAware="false"
234-->[androidx.work:work-runtime:2.7.1] AndroidManifest.xml:56:13-44
235            android:enabled="@bool/enable_system_foreground_service_default"
235-->[androidx.work:work-runtime:2.7.1] AndroidManifest.xml:57:13-77
236            android:exported="false" />
236-->[androidx.work:work-runtime:2.7.1] AndroidManifest.xml:58:13-37
237
238        <receiver
238-->[androidx.work:work-runtime:2.7.1] AndroidManifest.xml:61:9-66:35
239            android:name="androidx.work.impl.utils.ForceStopRunnable$BroadcastReceiver"
239-->[androidx.work:work-runtime:2.7.1] AndroidManifest.xml:62:13-88
240            android:directBootAware="false"
240-->[androidx.work:work-runtime:2.7.1] AndroidManifest.xml:63:13-44
241            android:enabled="true"
241-->[androidx.work:work-runtime:2.7.1] AndroidManifest.xml:64:13-35
242            android:exported="false" />
242-->[androidx.work:work-runtime:2.7.1] AndroidManifest.xml:65:13-37
243        <receiver
243-->[androidx.work:work-runtime:2.7.1] AndroidManifest.xml:67:9-77:20
244            android:name="androidx.work.impl.background.systemalarm.ConstraintProxy$BatteryChargingProxy"
244-->[androidx.work:work-runtime:2.7.1] AndroidManifest.xml:68:13-106
245            android:directBootAware="false"
245-->[androidx.work:work-runtime:2.7.1] AndroidManifest.xml:69:13-44
246            android:enabled="false"
246-->[androidx.work:work-runtime:2.7.1] AndroidManifest.xml:70:13-36
247            android:exported="false" >
247-->[androidx.work:work-runtime:2.7.1] AndroidManifest.xml:71:13-37
248            <intent-filter>
248-->[androidx.work:work-runtime:2.7.1] AndroidManifest.xml:73:13-76:29
249                <action android:name="android.intent.action.ACTION_POWER_CONNECTED" />
249-->[androidx.work:work-runtime:2.7.1] AndroidManifest.xml:74:17-87
249-->[androidx.work:work-runtime:2.7.1] AndroidManifest.xml:74:25-84
250                <action android:name="android.intent.action.ACTION_POWER_DISCONNECTED" />
250-->[androidx.work:work-runtime:2.7.1] AndroidManifest.xml:75:17-90
250-->[androidx.work:work-runtime:2.7.1] AndroidManifest.xml:75:25-87
251            </intent-filter>
252        </receiver>
253        <receiver
253-->[androidx.work:work-runtime:2.7.1] AndroidManifest.xml:78:9-88:20
254            android:name="androidx.work.impl.background.systemalarm.ConstraintProxy$BatteryNotLowProxy"
254-->[androidx.work:work-runtime:2.7.1] AndroidManifest.xml:79:13-104
255            android:directBootAware="false"
255-->[androidx.work:work-runtime:2.7.1] AndroidManifest.xml:80:13-44
256            android:enabled="false"
256-->[androidx.work:work-runtime:2.7.1] AndroidManifest.xml:81:13-36
257            android:exported="false" >
257-->[androidx.work:work-runtime:2.7.1] AndroidManifest.xml:82:13-37
258            <intent-filter>
258-->[androidx.work:work-runtime:2.7.1] AndroidManifest.xml:84:13-87:29
259                <action android:name="android.intent.action.BATTERY_OKAY" />
259-->[androidx.work:work-runtime:2.7.1] AndroidManifest.xml:85:17-77
259-->[androidx.work:work-runtime:2.7.1] AndroidManifest.xml:85:25-74
260                <action android:name="android.intent.action.BATTERY_LOW" />
260-->[androidx.work:work-runtime:2.7.1] AndroidManifest.xml:86:17-76
260-->[androidx.work:work-runtime:2.7.1] AndroidManifest.xml:86:25-73
261            </intent-filter>
262        </receiver>
263        <receiver
263-->[androidx.work:work-runtime:2.7.1] AndroidManifest.xml:89:9-99:20
264            android:name="androidx.work.impl.background.systemalarm.ConstraintProxy$StorageNotLowProxy"
264-->[androidx.work:work-runtime:2.7.1] AndroidManifest.xml:90:13-104
265            android:directBootAware="false"
265-->[androidx.work:work-runtime:2.7.1] AndroidManifest.xml:91:13-44
266            android:enabled="false"
266-->[androidx.work:work-runtime:2.7.1] AndroidManifest.xml:92:13-36
267            android:exported="false" >
267-->[androidx.work:work-runtime:2.7.1] AndroidManifest.xml:93:13-37
268            <intent-filter>
268-->[androidx.work:work-runtime:2.7.1] AndroidManifest.xml:95:13-98:29
269                <action android:name="android.intent.action.DEVICE_STORAGE_LOW" />
269-->[androidx.work:work-runtime:2.7.1] AndroidManifest.xml:96:17-83
269-->[androidx.work:work-runtime:2.7.1] AndroidManifest.xml:96:25-80
270                <action android:name="android.intent.action.DEVICE_STORAGE_OK" />
270-->[androidx.work:work-runtime:2.7.1] AndroidManifest.xml:97:17-82
270-->[androidx.work:work-runtime:2.7.1] AndroidManifest.xml:97:25-79
271            </intent-filter>
272        </receiver>
273        <receiver
273-->[androidx.work:work-runtime:2.7.1] AndroidManifest.xml:100:9-109:20
274            android:name="androidx.work.impl.background.systemalarm.ConstraintProxy$NetworkStateProxy"
274-->[androidx.work:work-runtime:2.7.1] AndroidManifest.xml:101:13-103
275            android:directBootAware="false"
275-->[androidx.work:work-runtime:2.7.1] AndroidManifest.xml:102:13-44
276            android:enabled="false"
276-->[androidx.work:work-runtime:2.7.1] AndroidManifest.xml:103:13-36
277            android:exported="false" >
277-->[androidx.work:work-runtime:2.7.1] AndroidManifest.xml:104:13-37
278            <intent-filter>
278-->[androidx.work:work-runtime:2.7.1] AndroidManifest.xml:106:13-108:29
279                <action android:name="android.net.conn.CONNECTIVITY_CHANGE" />
279-->[androidx.work:work-runtime:2.7.1] AndroidManifest.xml:107:17-79
279-->[androidx.work:work-runtime:2.7.1] AndroidManifest.xml:107:25-76
280            </intent-filter>
281        </receiver>
282        <receiver
282-->[androidx.work:work-runtime:2.7.1] AndroidManifest.xml:110:9-121:20
283            android:name="androidx.work.impl.background.systemalarm.RescheduleReceiver"
283-->[androidx.work:work-runtime:2.7.1] AndroidManifest.xml:111:13-88
284            android:directBootAware="false"
284-->[androidx.work:work-runtime:2.7.1] AndroidManifest.xml:112:13-44
285            android:enabled="false"
285-->[androidx.work:work-runtime:2.7.1] AndroidManifest.xml:113:13-36
286            android:exported="false" >
286-->[androidx.work:work-runtime:2.7.1] AndroidManifest.xml:114:13-37
287            <intent-filter>
287-->[androidx.work:work-runtime:2.7.1] AndroidManifest.xml:116:13-120:29
288                <action android:name="android.intent.action.BOOT_COMPLETED" />
288-->[androidx.work:work-runtime:2.7.1] AndroidManifest.xml:117:17-79
288-->[androidx.work:work-runtime:2.7.1] AndroidManifest.xml:117:25-76